<?xml version="1.0" encoding="UTF-8"?>
<!-- Generated by org.testng.reporters.JUnitXMLReporter -->
<testsuite ignored="0" hostname="LAPTOP-83CCB6T5" failures="0" tests="4" name="Surefire test" time="9.567" errors="0" timestamp="2023-09-24T11:27:16 IST">
  <testcase classname="com.learnautomation.testcases.LoginTest" name="loginWithValidCredentials" time="5.604"/>
  <testcase classname="com.learnautomation.testcases.SampleTest" name="sample1" time="0.001"/>
  <testcase classname="com.learnautomation.testcases.SampleTest" name="sample2" time="0.0"/>
  <testcase classname="com.learnautomation.testcases.SampleTest" name="sample3" time="0.0"/>
</testsuite> <!-- Surefire test -->
