<?xml version="1.0" encoding="UTF-8"?>
<testng-results ignored="0" total="4" passed="4" failed="0" skipped="0">
  <reporter-output>
  </reporter-output>
  <suite started-at="2023-09-24T11:27:07 IST" name="Surefire suite" finished-at="2023-09-24T11:27:16 IST" duration-ms="9567">
    <groups>
    </groups>
    <test started-at="2023-09-24T11:27:07 IST" name="Surefire test" finished-at="2023-09-24T11:27:16 IST" duration-ms="9567">
      <class name="com.learnautomation.testcases.LoginTest">
        <test-method is-config="true" signature="setupApplication()[pri:0, instance:com.learnautomation.testcases.LoginTest@614ca7df]" started-at="2023-09-24T11:27:07 IST" name="setupApplication" finished-at="2023-09-24T11:27:10 IST" duration-ms="3265" status="PASS">
          <reporter-output>
          </reporter-output>
        </test-method> <!-- setupApplication -->
        <test-method signature="loginWithValidCredentials(java.lang.String,java.lang.String)[pri:0, instance:com.learnautomation.testcases.LoginTest@614ca7df]" started-at="2023-09-24T11:27:11 IST" name="loginWithValidCredentials" data-provider="userData" finished-at="2023-09-24T11:27:16 IST" duration-ms="5604" status="PASS">
          <params>
            <param index="0">
              <value>
                <![CDATA[admin@email.com]]>
              </value>
            </param>
            <param index="1">
              <value>
                <![CDATA[admin@123]]>
              </value>
            </param>
          </params>
          <reporter-output>
          </reporter-output>
        </test-method> <!-- loginWithValidCredentials -->
        <test-method is-config="true" signature="tearDownApplication()[pri:0, instance:com.learnautomation.testcases.LoginTest@614ca7df]" started-at="2023-09-24T11:27:16 IST" name="tearDownApplication" finished-at="2023-09-24T11:27:16 IST" duration-ms="119" status="PASS">
          <reporter-output>
          </reporter-output>
        </test-method> <!-- tearDownApplication -->
      </class> <!-- com.learnautomation.testcases.LoginTest -->
      <class name="com.learnautomation.testcases.SampleTest">
        <test-method signature="sample1()[pri:0, instance:com.learnautomation.testcases.SampleTest@f5acb9d]" started-at="2023-09-24T11:27:16 IST" name="sample1" finished-at="2023-09-24T11:27:16 IST" duration-ms="1" status="PASS">
          <reporter-output>
          </reporter-output>
        </test-method> <!-- sample1 -->
        <test-method signature="sample2()[pri:0, instance:com.learnautomation.testcases.SampleTest@f5acb9d]" started-at="2023-09-24T11:27:16 IST" name="sample2" finished-at="2023-09-24T11:27:16 IST" duration-ms="0" status="PASS">
          <reporter-output>
          </reporter-output>
        </test-method> <!-- sample2 -->
        <test-method signature="sample3()[pri:0, instance:com.learnautomation.testcases.SampleTest@f5acb9d]" started-at="2023-09-24T11:27:16 IST" name="sample3" finished-at="2023-09-24T11:27:16 IST" duration-ms="0" status="PASS">
          <reporter-output>
          </reporter-output>
        </test-method> <!-- sample3 -->
      </class> <!-- com.learnautomation.testcases.SampleTest -->
    </test> <!-- Surefire test -->
  </suite> <!-- Surefire suite -->
</testng-results>
